Determining if the function sgemm_ exists failed with the following output:
Change Dir: /home/hao007/github/hao_slambook2/ch6/build/CMakeFiles/CMakeTmp

Run Build Command(s):/usr/bin/make cmTC_cbca3/fast && /usr/bin/make -f CMakeFiles/cmTC_cbca3.dir/build.make CMakeFiles/cmTC_cbca3.dir/build
make[1]: Entering directory '/home/hao007/github/hao_slambook2/ch6/build/CMakeFiles/CMakeTmp'
Building C object CMakeFiles/cmTC_cbca3.dir/CheckFunctionExists.c.o
/usr/bin/cc   -DCHECK_FUNCTION_EXISTS=sgemm_   -o CMakeFiles/cmTC_cbca3.dir/CheckFunctionExists.c.o   -c /usr/share/cmake-3.16/Modules/CheckFunctionExists.c
Linking C executable cmTC_cbca3
/usr/bin/cmake -E cmake_link_script CMakeFiles/cmTC_cbca3.dir/link.txt --verbose=1
/usr/bin/cc  -DCHECK_FUNCTION_EXISTS=sgemm_    -rdynamic CMakeFiles/cmTC_cbca3.dir/CheckFunctionExists.c.o  -o cmTC_cbca3 
/usr/bin/ld: CMakeFiles/cmTC_cbca3.dir/CheckFunctionExists.c.o: in function `main':
CheckFunctionExists.c:(.text+0x14): undefined reference to `sgemm_'
collect2: error: ld returned 1 exit status
make[1]: *** [CMakeFiles/cmTC_cbca3.dir/build.make:87: cmTC_cbca3] Error 1
make[1]: Leaving directory '/home/hao007/github/hao_slambook2/ch6/build/CMakeFiles/CMakeTmp'
make: *** [Makefile:121: cmTC_cbca3/fast] Error 2



Performing C SOURCE FILE Test CMAKE_HAVE_LIBC_PTHREAD failed with the following output:
Change Dir: /home/hao007/github/hao_slambook2/ch6/build/CMakeFiles/CMakeTmp

Run Build Command(s):/usr/bin/make cmTC_93773/fast && /usr/bin/make -f CMakeFiles/cmTC_93773.dir/build.make CMakeFiles/cmTC_93773.dir/build
make[1]: Entering directory '/home/hao007/github/hao_slambook2/ch6/build/CMakeFiles/CMakeTmp'
Building C object CMakeFiles/cmTC_93773.dir/src.c.o
/usr/bin/cc   -DCMAKE_HAVE_LIBC_PTHREAD   -o CMakeFiles/cmTC_93773.dir/src.c.o   -c /home/hao007/github/hao_slambook2/ch6/build/CMakeFiles/CMakeTmp/src.c
Linking C executable cmTC_93773
/usr/bin/cmake -E cmake_link_script CMakeFiles/cmTC_93773.dir/link.txt --verbose=1
/usr/bin/cc  -DCMAKE_HAVE_LIBC_PTHREAD    -rdynamic CMakeFiles/cmTC_93773.dir/src.c.o  -o cmTC_93773 
/usr/bin/ld: CMakeFiles/cmTC_93773.dir/src.c.o: in function `main':
src.c:(.text+0x46): undefined reference to `pthread_create'
/usr/bin/ld: src.c:(.text+0x52): undefined reference to `pthread_detach'
/usr/bin/ld: src.c:(.text+0x63): undefined reference to `pthread_join'
collect2: error: ld returned 1 exit status
make[1]: *** [CMakeFiles/cmTC_93773.dir/build.make:87: cmTC_93773] Error 1
make[1]: Leaving directory '/home/hao007/github/hao_slambook2/ch6/build/CMakeFiles/CMakeTmp'
make: *** [Makefile:121: cmTC_93773/fast] Error 2


Source file was:
#include <pthread.h>

void* test_func(void* data)
{
  return data;
}

int main(void)
{
  pthread_t thread;
  pthread_create(&thread, NULL, test_func, NULL);
  pthread_detach(thread);
  pthread_join(thread, NULL);
  pthread_atfork(NULL, NULL, NULL);
  pthread_exit(NULL);

  return 0;
}

Determining if the function pthread_create exists in the pthreads failed with the following output:
Change Dir: /home/hao007/github/hao_slambook2/ch6/build/CMakeFiles/CMakeTmp

Run Build Command(s):/usr/bin/make cmTC_185a6/fast && /usr/bin/make -f CMakeFiles/cmTC_185a6.dir/build.make CMakeFiles/cmTC_185a6.dir/build
make[1]: Entering directory '/home/hao007/github/hao_slambook2/ch6/build/CMakeFiles/CMakeTmp'
Building C object CMakeFiles/cmTC_185a6.dir/CheckFunctionExists.c.o
/usr/bin/cc   -DCHECK_FUNCTION_EXISTS=pthread_create   -o CMakeFiles/cmTC_185a6.dir/CheckFunctionExists.c.o   -c /usr/share/cmake-3.16/Modules/CheckFunctionExists.c
Linking C executable cmTC_185a6
/usr/bin/cmake -E cmake_link_script CMakeFiles/cmTC_185a6.dir/link.txt --verbose=1
/usr/bin/cc  -DCHECK_FUNCTION_EXISTS=pthread_create    -rdynamic CMakeFiles/cmTC_185a6.dir/CheckFunctionExists.c.o  -o cmTC_185a6  -lpthreads 
/usr/bin/ld: cannot find -lpthreads
collect2: error: ld returned 1 exit status
make[1]: *** [CMakeFiles/cmTC_185a6.dir/build.make:87: cmTC_185a6] Error 1
make[1]: Leaving directory '/home/hao007/github/hao_slambook2/ch6/build/CMakeFiles/CMakeTmp'
make: *** [Makefile:121: cmTC_185a6/fast] Error 2



